\BOOKMARK [0][-]{chapter.1}{\376\377\000I\000N\000T\000R\000O\000D\000U\000\307\000\303\000O}{}% 1
\BOOKMARK [1][-]{section.1.1}{\376\377\000S\000o\000b\000r\000e\000\040\000o\000\040\000M\000a\000x\000i\000m\000a}{chapter.1}% 2
\BOOKMARK [1][-]{section.1.2}{\376\377\000T\000r\000a\000b\000a\000l\000h\000a\000n\000d\000o\000\040\000c\000o\000m\000\040\000o\000\040\000w\000x\000M\000a\000x\000i\000m\000a}{chapter.1}% 3
\BOOKMARK [1][-]{section.1.3}{\376\377\000L\000i\000s\000t\000a\000s\000\040\000e\000\040\000M\000a\000t\000r\000i\000z\000e\000s}{chapter.1}% 4
\BOOKMARK [1][-]{section.1.4}{\376\377\000C\000o\000n\000s\000t\000r\000u\000\347\000\343\000o\000\040\000d\000e\000\040\000G\000r\000\341\000f\000i\000c\000o\000s}{chapter.1}% 5
\BOOKMARK [0][-]{chapter.2}{\376\377\000E\000S\000T\000U\000D\000O\000\040\000D\000A\000S\000\040\000F\000U\000N\000\307\000\325\000E\000S\000\040\000T\000R\000I\000G\000O\000N\000O\000M\000\311\000T\000R\000I\000C\000A\000S}{}% 6
\BOOKMARK [1][-]{section.2.1}{\376\377\000A\000s\000\040\000F\000u\000n\000\347\000\365\000e\000s\000\040\000T\000r\000i\000g\000o\000n\000o\000m\000\351\000t\000r\000i\000c\000a\000s\000\040\000n\000o\000\040\000M\000a\000x\000i\000m\000a}{chapter.2}% 7
\BOOKMARK [1][-]{section.2.2}{\376\377\000T\000r\000a\000n\000s\000f\000o\000r\000m\000a\000\347\000\365\000e\000s\000\040\000T\000r\000i\000g\000o\000n\000o\000m\000\351\000t\000r\000i\000c\000a\000s}{chapter.2}% 8
\BOOKMARK [0][-]{chapter.3}{\376\377\000D\000E\000S\000C\000R\000I\000\307\000\325\000E\000S\000\040\000D\000E\000\040\000M\000O\000V\000I\000M\000E\000N\000T\000O\000S\000\040\000O\000N\000D\000U\000L\000A\000T\000\323\000R\000I\000O\000S}{}% 9
\BOOKMARK [1][-]{section.3.1}{\376\377\000O\000\040\000M\000o\000v\000i\000m\000e\000n\000t\000o\000\040\000O\000n\000d\000u\000l\000a\000t\000\363\000r\000i\000o}{chapter.3}% 10
\BOOKMARK [1][-]{section.3.2}{\376\377\000A\000b\000o\000r\000d\000a\000g\000e\000m\000\040\000M\000a\000t\000e\000m\000\341\000t\000i\000c\000a}{chapter.3}% 11
\BOOKMARK [1][-]{section.3.3}{\376\377\000O\000n\000d\000a\000\040\000H\000a\000r\000m\000\364\000n\000i\000c\000a\000\040\000c\000o\000m\000o\000\040\000u\000m\000\040\000M\000o\000d\000e\000l\000o\000\040\000F\000\355\000s\000i\000c\000o}{chapter.3}% 12
\BOOKMARK [0][-]{chapter.4}{\376\377\000A\000P\000L\000I\000C\000A\000\307\000\325\000E\000S\000\040\000O\000N\000D\000U\000L\000A\000T\000\323\000R\000I\000A\000S}{}% 13
\BOOKMARK [1][-]{section.4.1}{\376\377\000C\000o\000r\000d\000a\000\040\000E\000s\000t\000e\000n\000d\000i\000d\000a}{chapter.4}% 14
\BOOKMARK [1][-]{section.4.2}{\376\377\000E\000f\000e\000i\000t\000o\000\040\000D\000o\000p\000p\000l\000e\000r}{chapter.4}% 15
\BOOKMARK [0][-]{appendix.A}{\376\377\000D\000I\000C\000A\000S\000\040\000S\000O\000B\000R\000E\000\040\000O\000\040\000M\000A\000X\000I\000M\000A}{}% 16
\BOOKMARK [1][-]{section.A.1}{\376\377\000C\000o\000m\000o\000\040\000I\000n\000s\000t\000a\000l\000a\000r\000\040\000o\000\040\000w\000x\000M\000a\000x\000i\000m\000a\000\256}{appendix.A}% 17
\BOOKMARK [1][-]{section.A.2}{\376\377\000C\000o\000n\000h\000e\000c\000e\000n\000d\000o\000\040\000a\000\040\000I\000n\000t\000e\000r\000f\000a\000c\000e\000\040\000G\000r\000\341\000f\000i\000c\000a\000\040\000d\000o\000\040\000w\000x\000M\000a\000x\000i\000m\000a}{appendix.A}% 18
\BOOKMARK [1][-]{section.A.3}{\376\377\000I\000d\000i\000o\000m\000a\000\040\000d\000a\000\040\000I\000n\000t\000e\000r\000f\000a\000c\000e}{appendix.A}% 19
\BOOKMARK [1][-]{section.A.4}{\376\377\000S\000e\000l\000e\000c\000\343\000o\000\040\000d\000o\000\040\000C\000o\000m\000p\000i\000l\000a\000d\000o\000r}{appendix.A}% 20
\BOOKMARK [1][-]{section.A.5}{\376\377\000D\000i\000c\000a\000s\000\040\000D\000i\000v\000e\000r\000s\000a\000s}{appendix.A}% 21
\BOOKMARK [1][-]{section.A.6}{\376\377\000D\000i\000c\000a\000s\000\040\000d\000e\000\040\000M\000a\000x\000i\000m\000a}{appendix.A}% 22
\BOOKMARK [0][-]{appendix.B}{\376\377\000P\000e\000r\000s\000p\000e\000c\000t\000i\000v\000a\000\040\000H\000i\000s\000t\000\363\000r\000i\000c\000a\000\040\000s\000o\000b\000r\000e\000\040\000O\000n\000d\000a\000s}{}% 23
